2022-07-08 00:44:08.816  INFO 14543 --- [restartedMain] c.shopme.admin.ShopmeBackEndApplication  : Starting ShopmeBackEndApplication using Java 17.0.2 on Innas-MacBook-Pro.local with PID 14543 (/Users/innakim/Desktop/ECommerceSite/ShopmeProject/ShopmeWebParent/ShopmeBackEnd/target/classes started by innakim in /Users/innakim/Desktop/ECommerceSite/ShopmeProject/ShopmeWebParent/ShopmeBackEnd)
2022-07-08 00:44:08.818  INFO 14543 --- [restartedMain] c.shopme.admin.ShopmeBackEndApplication  : No active profile set, falling back to 1 default profile: "default"
2022-07-08 00:44:08.906  INFO 14543 --- [restartedMain] .e.DevToolsPropertyDefaultsPostProcessor : Devtools property defaults active! Set 'spring.devtools.add-properties' to 'false' to disable
2022-07-08 00:44:08.906  INFO 14543 --- [restartedMain] .e.DevToolsPropertyDefaultsPostProcessor : For additional web related logging consider setting the 'logging.level.web' property to 'DEBUG'
2022-07-08 00:44:10.294  INFO 14543 --- [restartedMain] .s.d.r.c.RepositoryConfigurationDelegate : Bootstrapping Spring Data JPA repositories in DEFAULT mode.
2022-07-08 00:44:10.421  INFO 14543 --- [restartedMain] .s.d.r.c.RepositoryConfigurationDelegate : Finished Spring Data repository scanning in 104 ms. Found 2 JPA repository interfaces.
2022-07-08 00:44:15.618  INFO 14543 --- [restartedMain] o.s.b.w.embedded.tomcat.TomcatWebServer  : Tomcat initialized with port(s): 8080 (http)
2022-07-08 00:44:15.636  INFO 14543 --- [restartedMain] o.apache.catalina.core.StandardService   : Starting service [Tomcat]
2022-07-08 00:44:15.637  INFO 14543 --- [restartedMain] org.apache.catalina.core.StandardEngine  : Starting Servlet engine: [Apache Tomcat/9.0.64]
2022-07-08 00:44:15.771  INFO 14543 --- [restartedMain] o.a.c.c.C.[.[localhost].[/ShopmeAdmin]   : Initializing Spring embedded WebApplicationContext
2022-07-08 00:44:15.771  INFO 14543 --- [restartedMain] w.s.c.ServletWebServerApplicationContext : Root WebApplicationContext: initialization completed in 6858 ms
2022-07-08 00:44:16.146  INFO 14543 --- [restartedMain] o.hibernate.jpa.internal.util.LogHelper  : HHH000204: Processing PersistenceUnitInfo [name: default]
2022-07-08 00:44:16.284  INFO 14543 --- [restartedMain] org.hibernate.Version                    : HHH000412: Hibernate ORM core version 5.6.9.Final
2022-07-08 00:44:16.510  INFO 14543 --- [restartedMain] o.hibernate.annotations.common.Version   : HCANN000001: Hibernate Commons Annotations {5.1.2.Final}
2022-07-08 00:44:16.643  INFO 14543 --- [restartedMain] com.zaxxer.hikari.HikariDataSource       : HikariPool-1 - Starting...
2022-07-08 00:44:17.332  INFO 14543 --- [restartedMain] com.zaxxer.hikari.HikariDataSource       : HikariPool-1 - Start completed.
2022-07-08 00:44:17.359  INFO 14543 --- [restartedMain] org.hibernate.dialect.Dialect            : HHH000400: Using dialect: org.hibernate.dialect.MySQL8Dialect
2022-07-08 00:44:18.758  INFO 14543 --- [restartedMain] o.h.e.t.j.p.i.JtaPlatformInitiator       : HHH000490: Using JtaPlatform implementation: [org.hibernate.engine.transaction.jta.platform.internal.NoJtaPlatform]
2022-07-08 00:44:18.779  INFO 14543 --- [restartedMain] j.LocalContainerEntityManagerFactoryBean : Initialized JPA EntityManagerFactory for persistence unit 'default'
2022-07-08 00:44:19.493  WARN 14543 --- [restartedMain] JpaBaseConfiguration$JpaWebConfiguration : spring.jpa.open-in-view is enabled by default. Therefore, database queries may be performed during view rendering. Explicitly configure spring.jpa.open-in-view to disable this warning
2022-07-08 00:44:19.681  WARN 14543 --- [restartedMain] o.s.s.c.a.web.builders.WebSecurity       : You are asking Spring Security to ignore Ant [pattern='/images/**']. This is not recommended -- please use permitAll via HttpSecurity#authorizeHttpRequests instead.
2022-07-08 00:44:19.682  INFO 14543 --- [restartedMain] o.s.s.web.DefaultSecurityFilterChain     : Will not secure Ant [pattern='/images/**']
2022-07-08 00:44:19.682  WARN 14543 --- [restartedMain] o.s.s.c.a.web.builders.WebSecurity       : You are asking Spring Security to ignore Ant [pattern='/js/**']. This is not recommended -- please use permitAll via HttpSecurity#authorizeHttpRequests instead.
2022-07-08 00:44:19.683  INFO 14543 --- [restartedMain] o.s.s.web.DefaultSecurityFilterChain     : Will not secure Ant [pattern='/js/**']
2022-07-08 00:44:19.683  WARN 14543 --- [restartedMain] o.s.s.c.a.web.builders.WebSecurity       : You are asking Spring Security to ignore Ant [pattern='/webjars/**']. This is not recommended -- please use permitAll via HttpSecurity#authorizeHttpRequests instead.
2022-07-08 00:44:19.683  INFO 14543 --- [restartedMain] o.s.s.web.DefaultSecurityFilterChain     : Will not secure Ant [pattern='/webjars/**']
2022-07-08 00:44:19.762  INFO 14543 --- [restartedMain] o.s.s.web.DefaultSecurityFilterChain     : Will secure any request with [org.springframework.security.web.session.DisableEncodeUrlFilter@fa482e8, org.springframework.security.web.context.request.async.WebAsyncManagerIntegrationFilter@1311b698, org.springframework.security.web.context.SecurityContextPersistenceFilter@28d26f58, org.springframework.security.web.header.HeaderWriterFilter@2991541d, org.springframework.security.web.csrf.CsrfFilter@3b456044, org.springframework.security.web.authentication.logout.LogoutFilter@6b51fbb2, org.springframework.security.web.authentication.UsernamePasswordAuthenticationFilter@56495c18, org.springframework.security.web.savedrequest.RequestCacheAwareFilter@3be94376, org.springframework.security.web.servletapi.SecurityContextHolderAwareRequestFilter@3f168186, org.springframework.security.web.authentication.rememberme.RememberMeAuthenticationFilter@ccf2b15, org.springframework.security.web.authentication.AnonymousAuthenticationFilter@7313f3f3, org.springframework.security.web.session.SessionManagementFilter@18588a55, org.springframework.security.web.access.ExceptionTranslationFilter@73264383, org.springframework.security.web.access.intercept.FilterSecurityInterceptor@585e4668]
2022-07-08 00:44:20.033  INFO 14543 --- [restartedMain] o.s.b.a.w.s.WelcomePageHandlerMapping    : Adding welcome page template: index
2022-07-08 00:44:20.930  INFO 14543 --- [restartedMain] o.s.b.d.a.OptionalLiveReloadServer       : LiveReload server is running on port 35729
2022-07-08 00:44:20.985  INFO 14543 --- [restartedMain] o.s.b.w.embedded.tomcat.TomcatWebServer  : Tomcat started on port(s): 8080 (http) with context path '/ShopmeAdmin'
2022-07-08 00:44:21.005  INFO 14543 --- [restartedMain] c.shopme.admin.ShopmeBackEndApplication  : Started ShopmeBackEndApplication in 12.623 seconds (JVM running for 13.555)
2022-07-08 00:48:38.109  INFO 14543 --- [Thread-5] j.LocalContainerEntityManagerFactoryBean : Closing JPA EntityManagerFactory for persistence unit 'default'
2022-07-08 00:48:38.128  INFO 14543 --- [Thread-5] com.zaxxer.hikari.HikariDataSource       : HikariPool-1 - Shutdown initiated...
2022-07-08 00:48:38.158  INFO 14543 --- [Thread-5] com.zaxxer.hikari.HikariDataSource       : HikariPool-1 - Shutdown completed.
2022-07-08 00:48:38.518  INFO 14543 --- [restartedMain] c.shopme.admin.ShopmeBackEndApplication  : Starting ShopmeBackEndApplication using Java 17.0.2 on Innas-MacBook-Pro.local with PID 14543 (/Users/innakim/Desktop/ECommerceSite/ShopmeProject/ShopmeWebParent/ShopmeBackEnd/target/classes started by innakim in /Users/innakim/Desktop/ECommerceSite/ShopmeProject/ShopmeWebParent/ShopmeBackEnd)
2022-07-08 00:48:38.520  INFO 14543 --- [restartedMain] c.shopme.admin.ShopmeBackEndApplication  : No active profile set, falling back to 1 default profile: "default"
2022-07-08 00:48:39.144  INFO 14543 --- [restartedMain] .s.d.r.c.RepositoryConfigurationDelegate : Bootstrapping Spring Data JPA repositories in DEFAULT mode.
2022-07-08 00:48:39.251  INFO 14543 --- [restartedMain] .s.d.r.c.RepositoryConfigurationDelegate : Finished Spring Data repository scanning in 60 ms. Found 2 JPA repository interfaces.
2022-07-08 00:48:39.496  INFO 14543 --- [restartedMain] o.s.b.w.embedded.tomcat.TomcatWebServer  : Tomcat initialized with port(s): 8080 (http)
2022-07-08 00:48:39.502  INFO 14543 --- [restartedMain] o.apache.catalina.core.StandardService   : Starting service [Tomcat]
2022-07-08 00:48:39.502  INFO 14543 --- [restartedMain] org.apache.catalina.core.StandardEngine  : Starting Servlet engine: [Apache Tomcat/9.0.64]
2022-07-08 00:48:39.535  INFO 14543 --- [restartedMain] o.a.c.c.C.[.[localhost].[/ShopmeAdmin]   : Initializing Spring embedded WebApplicationContext
2022-07-08 00:48:39.536  INFO 14543 --- [restartedMain] w.s.c.ServletWebServerApplicationContext : Root WebApplicationContext: initialization completed in 1010 ms
2022-07-08 00:48:39.586  INFO 14543 --- [restartedMain] o.hibernate.jpa.internal.util.LogHelper  : HHH000204: Processing PersistenceUnitInfo [name: default]
2022-07-08 00:48:39.593  INFO 14543 --- [restartedMain] com.zaxxer.hikari.HikariDataSource       : HikariPool-2 - Starting...
2022-07-08 00:48:39.695  INFO 14543 --- [restartedMain] com.zaxxer.hikari.HikariDataSource       : HikariPool-2 - Start completed.
2022-07-08 00:48:39.695  INFO 14543 --- [restartedMain] org.hibernate.dialect.Dialect            : HHH000400: Using dialect: org.hibernate.dialect.MySQL8Dialect
2022-07-08 00:48:39.888  INFO 14543 --- [restartedMain] o.h.e.t.j.p.i.JtaPlatformInitiator       : HHH000490: Using JtaPlatform implementation: [org.hibernate.engine.transaction.jta.platform.internal.NoJtaPlatform]
2022-07-08 00:48:39.889  INFO 14543 --- [restartedMain] j.LocalContainerEntityManagerFactoryBean : Initialized JPA EntityManagerFactory for persistence unit 'default'
2022-07-08 00:48:40.038  WARN 14543 --- [restartedMain] JpaBaseConfiguration$JpaWebConfiguration : spring.jpa.open-in-view is enabled by default. Therefore, database queries may be performed during view rendering. Explicitly configure spring.jpa.open-in-view to disable this warning
2022-07-08 00:48:40.075  WARN 14543 --- [restartedMain] o.s.s.c.a.web.builders.WebSecurity       : You are asking Spring Security to ignore Ant [pattern='/images/**']. This is not recommended -- please use permitAll via HttpSecurity#authorizeHttpRequests instead.
2022-07-08 00:48:40.075  INFO 14543 --- [restartedMain] o.s.s.web.DefaultSecurityFilterChain     : Will not secure Ant [pattern='/images/**']
2022-07-08 00:48:40.075  WARN 14543 --- [restartedMain] o.s.s.c.a.web.builders.WebSecurity       : You are asking Spring Security to ignore Ant [pattern='/js/**']. This is not recommended -- please use permitAll via HttpSecurity#authorizeHttpRequests instead.
2022-07-08 00:48:40.075  INFO 14543 --- [restartedMain] o.s.s.web.DefaultSecurityFilterChain     : Will not secure Ant [pattern='/js/**']
2022-07-08 00:48:40.075  WARN 14543 --- [restartedMain] o.s.s.c.a.web.builders.WebSecurity       : You are asking Spring Security to ignore Ant [pattern='/webjars/**']. This is not recommended -- please use permitAll via HttpSecurity#authorizeHttpRequests instead.
2022-07-08 00:48:40.075  INFO 14543 --- [restartedMain] o.s.s.web.DefaultSecurityFilterChain     : Will not secure Ant [pattern='/webjars/**']
2022-07-08 00:48:40.114  INFO 14543 --- [restartedMain] o.s.s.web.DefaultSecurityFilterChain     : Will secure any request with [org.springframework.security.web.session.DisableEncodeUrlFilter@7f45fe57, org.springframework.security.web.context.request.async.WebAsyncManagerIntegrationFilter@613ea40, org.springframework.security.web.context.SecurityContextPersistenceFilter@700bcef0, org.springframework.security.web.header.HeaderWriterFilter@4fc939e5, org.springframework.security.web.csrf.CsrfFilter@29e6cd7d, org.springframework.security.web.authentication.logout.LogoutFilter@397ba027, org.springframework.security.web.authentication.UsernamePasswordAuthenticationFilter@7903769a, org.springframework.security.web.savedrequest.RequestCacheAwareFilter@35cef730, org.springframework.security.web.servletapi.SecurityContextHolderAwareRequestFilter@334ef67d, org.springframework.security.web.authentication.rememberme.RememberMeAuthenticationFilter@129c65aa, org.springframework.security.web.authentication.AnonymousAuthenticationFilter@64c6ebbe, org.springframework.security.web.session.SessionManagementFilter@6f196b4b, org.springframework.security.web.access.ExceptionTranslationFilter@193b9766, org.springframework.security.web.access.intercept.FilterSecurityInterceptor@16cdec4b]
2022-07-08 00:48:40.194  INFO 14543 --- [restartedMain] o.s.b.a.w.s.WelcomePageHandlerMapping    : Adding welcome page template: index
2022-07-08 00:48:40.763  INFO 14543 --- [restartedMain] o.s.b.d.a.OptionalLiveReloadServer       : LiveReload server is running on port 35729
2022-07-08 00:48:40.786  INFO 14543 --- [restartedMain] o.s.b.w.embedded.tomcat.TomcatWebServer  : Tomcat started on port(s): 8080 (http) with context path '/ShopmeAdmin'
2022-07-08 00:48:40.796  INFO 14543 --- [restartedMain] c.shopme.admin.ShopmeBackEndApplication  : Started ShopmeBackEndApplication in 2.349 seconds (JVM running for 273.339)
2022-07-08 00:48:40.807  INFO 14543 --- [restartedMain] .ConditionEvaluationDeltaLoggingListener : Condition evaluation unchanged
2022-07-08 00:48:42.190  INFO 14543 --- [Thread-7] j.LocalContainerEntityManagerFactoryBean : Closing JPA EntityManagerFactory for persistence unit 'default'
2022-07-08 00:48:42.191  INFO 14543 --- [Thread-7] com.zaxxer.hikari.HikariDataSource       : HikariPool-2 - Shutdown initiated...
2022-07-08 00:48:42.196  INFO 14543 --- [Thread-7] com.zaxxer.hikari.HikariDataSource       : HikariPool-2 - Shutdown completed.
2022-07-08 00:48:42.275  INFO 14543 --- [restartedMain] c.shopme.admin.ShopmeBackEndApplication  : Starting ShopmeBackEndApplication using Java 17.0.2 on Innas-MacBook-Pro.local with PID 14543 (/Users/innakim/Desktop/ECommerceSite/ShopmeProject/ShopmeWebParent/ShopmeBackEnd/target/classes started by innakim in /Users/innakim/Desktop/ECommerceSite/ShopmeProject/ShopmeWebParent/ShopmeBackEnd)
2022-07-08 00:48:42.276  INFO 14543 --- [restartedMain] c.shopme.admin.ShopmeBackEndApplication  : No active profile set, falling back to 1 default profile: "default"
2022-07-08 00:48:42.434  INFO 14543 --- [restartedMain] .s.d.r.c.RepositoryConfigurationDelegate : Bootstrapping Spring Data JPA repositories in DEFAULT mode.
2022-07-08 00:48:42.443  INFO 14543 --- [restartedMain] .s.d.r.c.RepositoryConfigurationDelegate : Finished Spring Data repository scanning in 9 ms. Found 2 JPA repository interfaces.
2022-07-08 00:48:42.547  INFO 14543 --- [restartedMain] o.s.b.w.embedded.tomcat.TomcatWebServer  : Tomcat initialized with port(s): 8080 (http)
2022-07-08 00:48:42.548  INFO 14543 --- [restartedMain] o.apache.catalina.core.StandardService   : Starting service [Tomcat]
2022-07-08 00:48:42.548  INFO 14543 --- [restartedMain] org.apache.catalina.core.StandardEngine  : Starting Servlet engine: [Apache Tomcat/9.0.64]
2022-07-08 00:48:42.558  INFO 14543 --- [restartedMain] o.a.c.c.C.[.[localhost].[/ShopmeAdmin]   : Initializing Spring embedded WebApplicationContext
2022-07-08 00:48:42.558  INFO 14543 --- [restartedMain] w.s.c.ServletWebServerApplicationContext : Root WebApplicationContext: initialization completed in 278 ms
2022-07-08 00:48:42.590  INFO 14543 --- [restartedMain] o.hibernate.jpa.internal.util.LogHelper  : HHH000204: Processing PersistenceUnitInfo [name: default]
2022-07-08 00:48:42.597  INFO 14543 --- [restartedMain] com.zaxxer.hikari.HikariDataSource       : HikariPool-3 - Starting...
2022-07-08 00:48:42.666  INFO 14543 --- [restartedMain] com.zaxxer.hikari.HikariDataSource       : HikariPool-3 - Start completed.
2022-07-08 00:48:42.667  INFO 14543 --- [restartedMain] org.hibernate.dialect.Dialect            : HHH000400: Using dialect: org.hibernate.dialect.MySQL8Dialect
2022-07-08 00:48:42.728  INFO 14543 --- [restartedMain] o.h.e.t.j.p.i.JtaPlatformInitiator       : HHH000490: Using JtaPlatform implementation: [org.hibernate.engine.transaction.jta.platform.internal.NoJtaPlatform]
2022-07-08 00:48:42.729  INFO 14543 --- [restartedMain] j.LocalContainerEntityManagerFactoryBean : Initialized JPA EntityManagerFactory for persistence unit 'default'
2022-07-08 00:48:42.808  WARN 14543 --- [restartedMain] JpaBaseConfiguration$JpaWebConfiguration : spring.jpa.open-in-view is enabled by default. Therefore, database queries may be performed during view rendering. Explicitly configure spring.jpa.open-in-view to disable this warning
2022-07-08 00:48:42.843  WARN 14543 --- [restartedMain] o.s.s.c.a.web.builders.WebSecurity       : You are asking Spring Security to ignore Ant [pattern='/images/**']. This is not recommended -- please use permitAll via HttpSecurity#authorizeHttpRequests instead.
2022-07-08 00:48:42.843  INFO 14543 --- [restartedMain] o.s.s.web.DefaultSecurityFilterChain     : Will not secure Ant [pattern='/images/**']
2022-07-08 00:48:42.843  WARN 14543 --- [restartedMain] o.s.s.c.a.web.builders.WebSecurity       : You are asking Spring Security to ignore Ant [pattern='/js/**']. This is not recommended -- please use permitAll via HttpSecurity#authorizeHttpRequests instead.
2022-07-08 00:48:42.843  INFO 14543 --- [restartedMain] o.s.s.web.DefaultSecurityFilterChain     : Will not secure Ant [pattern='/js/**']
2022-07-08 00:48:42.843  WARN 14543 --- [restartedMain] o.s.s.c.a.web.builders.WebSecurity       : You are asking Spring Security to ignore Ant [pattern='/webjars/**']. This is not recommended -- please use permitAll via HttpSecurity#authorizeHttpRequests instead.
2022-07-08 00:48:42.844  INFO 14543 --- [restartedMain] o.s.s.web.DefaultSecurityFilterChain     : Will not secure Ant [pattern='/webjars/**']
2022-07-08 00:48:42.862  INFO 14543 --- [restartedMain] o.s.s.web.DefaultSecurityFilterChain     : Will secure any request with [org.springframework.security.web.session.DisableEncodeUrlFilter@1c9bf344, org.springframework.security.web.context.request.async.WebAsyncManagerIntegrationFilter@1d3fd05e, org.springframework.security.web.context.SecurityContextPersistenceFilter@6f9a8e62, org.springframework.security.web.header.HeaderWriterFilter@70d7668, org.springframework.security.web.csrf.CsrfFilter@f5616f3, org.springframework.security.web.authentication.logout.LogoutFilter@391b6fb8, org.springframework.security.web.authentication.UsernamePasswordAuthenticationFilter@71cb380a, org.springframework.security.web.savedrequest.RequestCacheAwareFilter@19f0421d, org.springframework.security.web.servletapi.SecurityContextHolderAwareRequestFilter@75a2d97d, org.springframework.security.web.authentication.rememberme.RememberMeAuthenticationFilter@3aa369b1, org.springframework.security.web.authentication.AnonymousAuthenticationFilter@359ca09b, org.springframework.security.web.session.SessionManagementFilter@50c4fb07, org.springframework.security.web.access.ExceptionTranslationFilter@6032d5d1, org.springframework.security.web.access.intercept.FilterSecurityInterceptor@6a0d751c]
2022-07-08 00:48:42.914  INFO 14543 --- [restartedMain] o.s.b.a.w.s.WelcomePageHandlerMapping    : Adding welcome page template: index
2022-07-08 00:48:43.220  INFO 14543 --- [restartedMain] o.s.b.d.a.OptionalLiveReloadServer       : LiveReload server is running on port 35729
2022-07-08 00:48:43.240  INFO 14543 --- [restartedMain] o.s.b.w.embedded.tomcat.TomcatWebServer  : Tomcat started on port(s): 8080 (http) with context path '/ShopmeAdmin'
2022-07-08 00:48:43.248  INFO 14543 --- [restartedMain] c.shopme.admin.ShopmeBackEndApplication  : Started ShopmeBackEndApplication in 1.0 seconds (JVM running for 275.791)
2022-07-08 00:48:43.250  INFO 14543 --- [restartedMain] .ConditionEvaluationDeltaLoggingListener : Condition evaluation unchanged
2022-07-08 00:49:58.571  INFO 14543 --- [SpringApplicationShutdownHook] j.LocalContainerEntityManagerFactoryBean : Closing JPA EntityManagerFactory for persistence unit 'default'
2022-07-08 00:49:58.572  INFO 14543 --- [SpringApplicationShutdownHook] com.zaxxer.hikari.HikariDataSource       : HikariPool-3 - Shutdown initiated...
2022-07-08 00:49:58.580  INFO 14543 --- [SpringApplicationShutdownHook] com.zaxxer.hikari.HikariDataSource       : HikariPool-3 - Shutdown completed.
2022-07-08 00:50:04.655  INFO 15017 --- [restartedMain] c.shopme.admin.ShopmeBackEndApplication  : Starting ShopmeBackEndApplication using Java 17.0.2 on Innas-MacBook-Pro.local with PID 15017 (/Users/innakim/Desktop/ECommerceSite/ShopmeProject/ShopmeWebParent/ShopmeBackEnd/target/classes started by innakim in /Users/innakim/Desktop/ECommerceSite/ShopmeProject/ShopmeWebParent/ShopmeBackEnd)
2022-07-08 00:50:04.659  INFO 15017 --- [restartedMain] c.shopme.admin.ShopmeBackEndApplication  : No active profile set, falling back to 1 default profile: "default"
2022-07-08 00:50:04.737  INFO 15017 --- [restartedMain] .e.DevToolsPropertyDefaultsPostProcessor : Devtools property defaults active! Set 'spring.devtools.add-properties' to 'false' to disable
2022-07-08 00:50:04.737  INFO 15017 --- [restartedMain] .e.DevToolsPropertyDefaultsPostProcessor : For additional web related logging consider setting the 'logging.level.web' property to 'DEBUG'
2022-07-08 00:50:05.668  INFO 15017 --- [restartedMain] .s.d.r.c.RepositoryConfigurationDelegate : Bootstrapping Spring Data JPA repositories in DEFAULT mode.
2022-07-08 00:50:05.761  INFO 15017 --- [restartedMain] .s.d.r.c.RepositoryConfigurationDelegate : Finished Spring Data repository scanning in 75 ms. Found 2 JPA repository interfaces.
2022-07-08 00:50:06.946  INFO 15017 --- [restartedMain] o.s.b.w.embedded.tomcat.TomcatWebServer  : Tomcat initialized with port(s): 8080 (http)
2022-07-08 00:50:06.967  INFO 15017 --- [restartedMain] o.apache.catalina.core.StandardService   : Starting service [Tomcat]
2022-07-08 00:50:06.968  INFO 15017 --- [restartedMain] org.apache.catalina.core.StandardEngine  : Starting Servlet engine: [Apache Tomcat/9.0.64]
2022-07-08 00:50:07.316  INFO 15017 --- [restartedMain] o.a.c.c.C.[.[localhost].[/ShopmeAdmin]   : Initializing Spring embedded WebApplicationContext
2022-07-08 00:50:07.317  INFO 15017 --- [restartedMain] w.s.c.ServletWebServerApplicationContext : Root WebApplicationContext: initialization completed in 2574 ms
2022-07-08 00:50:07.663  INFO 15017 --- [restartedMain] o.hibernate.jpa.internal.util.LogHelper  : HHH000204: Processing PersistenceUnitInfo [name: default]
2022-07-08 00:50:07.725  INFO 15017 --- [restartedMain] org.hibernate.Version                    : HHH000412: Hibernate ORM core version 5.6.9.Final
2022-07-08 00:50:07.910  INFO 15017 --- [restartedMain] o.hibernate.annotations.common.Version   : HCANN000001: Hibernate Commons Annotations {5.1.2.Final}
2022-07-08 00:50:07.995  INFO 15017 --- [restartedMain] com.zaxxer.hikari.HikariDataSource       : HikariPool-1 - Starting...
2022-07-08 00:50:08.568  INFO 15017 --- [restartedMain] com.zaxxer.hikari.HikariDataSource       : HikariPool-1 - Start completed.
2022-07-08 00:50:08.587  INFO 15017 --- [restartedMain] org.hibernate.dialect.Dialect            : HHH000400: Using dialect: org.hibernate.dialect.MySQL8Dialect
2022-07-08 00:50:09.535  INFO 15017 --- [restartedMain] o.h.e.t.j.p.i.JtaPlatformInitiator       : HHH000490: Using JtaPlatform implementation: [org.hibernate.engine.transaction.jta.platform.internal.NoJtaPlatform]
2022-07-08 00:50:09.544  INFO 15017 --- [restartedMain] j.LocalContainerEntityManagerFactoryBean : Initialized JPA EntityManagerFactory for persistence unit 'default'
2022-07-08 00:50:10.016  WARN 15017 --- [restartedMain] JpaBaseConfiguration$JpaWebConfiguration : spring.jpa.open-in-view is enabled by default. Therefore, database queries may be performed during view rendering. Explicitly configure spring.jpa.open-in-view to disable this warning
2022-07-08 00:50:10.153  WARN 15017 --- [restartedMain] o.s.s.c.a.web.builders.WebSecurity       : You are asking Spring Security to ignore Ant [pattern='/images/**']. This is not recommended -- please use permitAll via HttpSecurity#authorizeHttpRequests instead.
2022-07-08 00:50:10.153  INFO 15017 --- [restartedMain] o.s.s.web.DefaultSecurityFilterChain     : Will not secure Ant [pattern='/images/**']
2022-07-08 00:50:10.154  WARN 15017 --- [restartedMain] o.s.s.c.a.web.builders.WebSecurity       : You are asking Spring Security to ignore Ant [pattern='/js/**']. This is not recommended -- please use permitAll via HttpSecurity#authorizeHttpRequests instead.
2022-07-08 00:50:10.154  INFO 15017 --- [restartedMain] o.s.s.web.DefaultSecurityFilterChain     : Will not secure Ant [pattern='/js/**']
2022-07-08 00:50:10.154  WARN 15017 --- [restartedMain] o.s.s.c.a.web.builders.WebSecurity       : You are asking Spring Security to ignore Ant [pattern='/webjars/**']. This is not recommended -- please use permitAll via HttpSecurity#authorizeHttpRequests instead.
2022-07-08 00:50:10.154  INFO 15017 --- [restartedMain] o.s.s.web.DefaultSecurityFilterChain     : Will not secure Ant [pattern='/webjars/**']
2022-07-08 00:50:10.196  INFO 15017 --- [restartedMain] o.s.s.web.DefaultSecurityFilterChain     : Will secure any request with [org.springframework.security.web.session.DisableEncodeUrlFilter@4e7d968f, org.springframework.security.web.context.request.async.WebAsyncManagerIntegrationFilter@4bb2218b, org.springframework.security.web.context.SecurityContextPersistenceFilter@3da6b916, org.springframework.security.web.header.HeaderWriterFilter@7a140fee, org.springframework.security.web.csrf.CsrfFilter@3ca4cd2c, org.springframework.security.web.authentication.logout.LogoutFilter@4c3549a1, org.springframework.security.web.authentication.UsernamePasswordAuthenticationFilter@59ab9c2f, org.springframework.security.web.savedrequest.RequestCacheAwareFilter@16421374, org.springframework.security.web.servletapi.SecurityContextHolderAwareRequestFilter@66eac7b, org.springframework.security.web.authentication.rememberme.RememberMeAuthenticationFilter@45d78f30, org.springframework.security.web.authentication.AnonymousAuthenticationFilter@6625d1d3, org.springframework.security.web.session.SessionManagementFilter@52358a50, org.springframework.security.web.access.ExceptionTranslationFilter@6becae0e, org.springframework.security.web.access.intercept.FilterSecurityInterceptor@66afc721]
2022-07-08 00:50:10.390  INFO 15017 --- [restartedMain] o.s.b.a.w.s.WelcomePageHandlerMapping    : Adding welcome page template: index
2022-07-08 00:50:11.003  INFO 15017 --- [restartedMain] o.s.b.d.a.OptionalLiveReloadServer       : LiveReload server is running on port 35729
2022-07-08 00:50:11.044  INFO 15017 --- [restartedMain] o.s.b.w.embedded.tomcat.TomcatWebServer  : Tomcat started on port(s): 8080 (http) with context path '/ShopmeAdmin'
2022-07-08 00:50:11.058  INFO 15017 --- [restartedMain] c.shopme.admin.ShopmeBackEndApplication  : Started ShopmeBackEndApplication in 6.813 seconds (JVM running for 7.909)
2022-07-08 00:53:50.764  INFO 15017 --- [Thread-5] j.LocalContainerEntityManagerFactoryBean : Closing JPA EntityManagerFactory for persistence unit 'default'
2022-07-08 00:53:50.776  INFO 15017 --- [Thread-5] com.zaxxer.hikari.HikariDataSource       : HikariPool-1 - Shutdown initiated...
2022-07-08 00:53:50.795  INFO 15017 --- [Thread-5] com.zaxxer.hikari.HikariDataSource       : HikariPool-1 - Shutdown completed.
